e:\dokumenty\cpp\myprojects\tictactoegame\x64\debug\vc143.pdb
e:\dokumenty\cpp\myprojects\tictactoegame\x64\debug\vc143.idb
e:\dokumenty\cpp\myprojects\tictactoegame\x64\debug\main.obj
e:\dokumenty\cpp\myprojects\tictactoegame\x64\debug\player.obj
e:\dokumenty\cpp\myprojects\tictactoegame\x64\debug\tictactoegame.pdb
e:\dokumenty\cpp\myprojects\tictactoegame\x64\debug\tictactoegame.tlog\cl.command.1.tlog
e:\dokumenty\cpp\myprojects\tictactoegame\x64\debug\tictactoegame.tlog\cl.read.1.tlog
e:\dokumenty\cpp\myprojects\tictactoegame\x64\debug\tictactoegame.tlog\cl.write.1.tlog
e:\dokumenty\cpp\myprojects\tictactoegame\x64\debug\tictactoegame.tlog\link-cvtres.read.1.tlog
e:\dokumenty\cpp\myprojects\tictactoegame\x64\debug\tictactoegame.tlog\link-cvtres.write.1.tlog
e:\dokumenty\cpp\myprojects\tictactoegame\x64\debug\tictactoegame.tlog\link-rc.read.1.tlog
e:\dokumenty\cpp\myprojects\tictactoegame\x64\debug\tictactoegame.tlog\link-rc.write.1.tlog
e:\dokumenty\cpp\myprojects\tictactoegame\x64\debug\tictactoegame.tlog\link.1508-cvtres.read.1.tlog
e:\dokumenty\cpp\myprojects\tictactoegame\x64\debug\tictactoegame.tlog\link.1508-cvtres.write.1.tlog
e:\dokumenty\cpp\myprojects\tictactoegame\x64\debug\tictactoegame.tlog\link.1508-rc.read.1.tlog
e:\dokumenty\cpp\myprojects\tictactoegame\x64\debug\tictactoegame.tlog\link.1508-rc.write.1.tlog
e:\dokumenty\cpp\myprojects\tictactoegame\x64\debug\tictactoegame.tlog\link.1508.read.1.tlog
e:\dokumenty\cpp\myprojects\tictactoegame\x64\debug\tictactoegame.tlog\link.1508.read.2.tlog
e:\dokumenty\cpp\myprojects\tictactoegame\x64\debug\tictactoegame.tlog\link.1508.write.1.tlog
e:\dokumenty\cpp\myprojects\tictactoegame\x64\debug\tictactoegame.tlog\link.command.1.tlog
e:\dokumenty\cpp\myprojects\tictactoegame\x64\debug\tictactoegame.tlog\link.read.1.tlog
e:\dokumenty\cpp\myprojects\tictactoegame\x64\debug\tictactoegame.tlog\link.read.2.tlog
e:\dokumenty\cpp\myprojects\tictactoegame\x64\debug\tictactoegame.tlog\link.write.1.tlog
